<?xml version="1.0" encoding="UTF-8"?>
<testsuite xmlns:xsi="http://www.w3.org/2001/XMLSchema-instance" xsi:noNamespaceSchemaLocation="https://maven.apache.org/surefire/maven-surefire-plugin/xsd/surefire-test-report-3.0.xsd" version="3.0" name="com.example.libraymanagement.librarymanagment.LibrarymanagmentApplicationTests" time="11.102" tests="1" errors="0" skipped="0" failures="0">
  <properties>
[...]
</properties>
  <testcase name="contextLoads" classname="com.example.libraymanagement.librarymanagment.LibrarymanagmentApplicationTests" time="0.854">
    <system-out><![CDATA[13:41:36.401 [main] INFO org.springframework.test.context.support.AnnotationConfigContextLoaderUtils -- Could not detect default configuration classes for test class [com.example.libraymanagement.librarymanagment.LibrarymanagmentApplicationTests]: LibrarymanagmentApplicationTests does not declare any static, non-private, non-final, nested classes annotated with @Configuration.
13:41:36.607 [main] INFO org.springframework.boot.test.context.SpringBootTestContextBootstrapper -- Found @SpringBootConfiguration com.example.libraymanagement.librarymanagment.LibrarymanagmentApplication for test class com.example.libraymanagement.librarymanagment.LibrarymanagmentApplicationTests

  .   ____          _            __ _ _
 /\\ / ___'_ __ _ _(_)_ __  __ _ \ \ \ \
( ( )\___ | '_ | '_| | '_ \/ _` | \ \ \ \
 \\/  ___)| |_)| | | | | || (_| |  ) ) ) )
  '  |____| .__|_| |_|_| |_\__, | / / / /
 =========|_|==============|___/=/_/_/_/
 :: Spring Boot ::       (v3.1.2-SNAPSHOT)

2023-09-09T13:41:37.436+05:30  INFO 59956 --- [           main] c.e.l.l.LibrarymanagmentApplicationTests : Starting LibrarymanagmentApplicationTests using Java 17.0.7 with PID 59956 (started by DELL in C:\Users\DELL\Documents\workspace-spring-tool-suite-4-4.19.0.RELEASE\library)
2023-09-09T13:41:37.439+05:30  INFO 59956 --- [           main] c.e.l.l.LibrarymanagmentApplicationTests : No active profile set, falling back to 1 default profile: "default"
2023-09-09T13:41:38.747+05:30  INFO 59956 --- [           main] .s.d.r.c.RepositoryConfigurationDelegate : Bootstrapping Spring Data JPA repositories in DEFAULT mode.
2023-09-09T13:41:38.871+05:30  INFO 59956 --- [           main] .s.d.r.c.RepositoryConfigurationDelegate : Finished Spring Data repository scanning in 106 ms. Found 2 JPA repository interfaces.
2023-09-09T13:41:39.935+05:30  INFO 59956 --- [           main] o.hibernate.jpa.internal.util.LogHelper  : HHH000204: Processing PersistenceUnitInfo [name: default]
2023-09-09T13:41:40.135+05:30  INFO 59956 --- [           main] org.hibernate.Version                    : HHH000412: Hibernate ORM core version 6.2.6.Final
2023-09-09T13:41:40.141+05:30  INFO 59956 --- [           main] org.hibernate.cfg.Environment            : HHH000406: Using bytecode reflection optimizer
2023-09-09T13:41:40.467+05:30 DEBUG 59956 --- [           main] org.hibernate.type.BasicTypeRegistry     : Adding type registration boolean -> org.hibernate.type.BasicTypeReference@1df9186f
2023-09-09T13:41:40.468+05:30 DEBUG 59956 --- [           main] org.hibernate.type.BasicTypeRegistry     : Adding type registration boolean -> org.hibernate.type.BasicTypeReference@1df9186f
2023-09-09T13:41:40.468+05:30 DEBUG 59956 --- [           main] org.hibernate.type.BasicTypeRegistry     : Adding type registration java.lang.Boolean -> org.hibernate.type.BasicTypeReference@1df9186f
2023-09-09T13:41:40.468+05:30 DEBUG 59956 --- [           main] org.hibernate.type.BasicTypeRegistry     : Adding type registration numeric_boolean -> org.hibernate.type.BasicTypeReference@682e422c
2023-09-09T13:41:40.468+05:30 DEBUG 59956 --- [           main] org.hibernate.type.BasicTypeRegistry     : Adding type registration org.hibernate.type.NumericBooleanConverter -> org.hibernate.type.BasicTypeReference@682e422c
2023-09-09T13:41:40.468+05:30 DEBUG 59956 --- [           main] org.hibernate.type.BasicTypeRegistry     : Adding type registration true_false -> org.hibernate.type.BasicTypeReference@5bb8e6fc
2023-09-09T13:41:40.468+05:30 DEBUG 59956 --- [           main] org.hibernate.type.BasicTypeRegistry     : Adding type registration org.hibernate.type.TrueFalseConverter -> org.hibernate.type.BasicTypeReference@5bb8e6fc
2023-09-09T13:41:40.469+05:30 DEBUG 59956 --- [           main] org.hibernate.type.BasicTypeRegistry     : Adding type registration yes_no -> org.hibernate.type.BasicTypeReference@2726a511
2023-09-09T13:41:40.469+05:30 DEBUG 59956 --- [           main] org.hibernate.type.BasicTypeRegistry     : Adding type registration org.hibernate.type.YesNoConverter -> org.hibernate.type.BasicTypeReference@2726a511
2023-09-09T13:41:40.469+05:30 DEBUG 59956 --- [           main] org.hibernate.type.BasicTypeRegistry     : Adding type registration byte -> org.hibernate.type.BasicTypeReference@72c9ebfa
2023-09-09T13:41:40.469+05:30 DEBUG 59956 --- [           main] org.hibernate.type.BasicTypeRegistry     : Adding type registration byte -> org.hibernate.type.BasicTypeReference@72c9ebfa
2023-09-09T13:41:40.469+05:30 DEBUG 59956 --- [           main] org.hibernate.type.BasicTypeRegistry     : Adding type registration java.lang.Byte -> org.hibernate.type.BasicTypeReference@72c9ebfa
2023-09-09T13:41:40.470+05:30 DEBUG 59956 --- [           main] org.hibernate.type.BasicTypeRegistry     : Adding type registration binary -> org.hibernate.type.BasicTypeReference@686cf8ad
2023-09-09T13:41:40.470+05:30 DEBUG 59956 --- [           main] org.hibernate.type.BasicTypeRegistry     : Adding type registration byte[] -> org.hibernate.type.BasicTypeReference@686cf8ad
2023-09-09T13:41:40.470+05:30 DEBUG 59956 --- [           main] org.hibernate.type.BasicTypeRegistry     : Adding type registration [B -> org.hibernate.type.BasicTypeReference@686cf8ad
2023-09-09T13:41:40.471+05:30 DEBUG 59956 --- [           main] org.hibernate.type.BasicTypeRegistry     : Adding type registration binary_wrapper -> org.hibernate.type.BasicTypeReference@5b48f0f4
2023-09-09T13:41:40.471+05:30 DEBUG 59956 --- [           main] org.hibernate.type.BasicTypeRegistry     : Adding type registration wrapper-binary -> org.hibernate.type.BasicTypeReference@5b48f0f4
2023-09-09T13:41:40.471+05:30 DEBUG 59956 --- [           main] org.hibernate.type.BasicTypeRegistry     : Adding type registration image -> org.hibernate.type.BasicTypeReference@546ed2a0
2023-09-09T13:41:40.471+05:30 DEBUG 59956 --- [           main] org.hibernate.type.BasicTypeRegistry     : Adding type registration blob -> org.hibernate.type.BasicTypeReference@5bfc79cb
2023-09-09T13:41:40.471+05:30 DEBUG 59956 --- [           main] org.hibernate.type.BasicTypeRegistry     : Adding type registration java.sql.Blob -> org.hibernate.type.BasicTypeReference@5bfc79cb
2023-09-09T13:41:40.471+05:30 DEBUG 59956 --- [           main] org.hibernate.type.BasicTypeRegistry     : Adding type registration materialized_blob -> org.hibernate.type.BasicTypeReference@27ec8754
2023-09-09T13:41:40.472+05:30 DEBUG 59956 --- [           main] org.hibernate.type.BasicTypeRegistry     : Adding type registration materialized_blob_wrapper -> org.hibernate.type.BasicTypeReference@3bbf1c0d
2023-09-09T13:41:40.472+05:30 DEBUG 59956 --- [           main] org.hibernate.type.BasicTypeRegistry     : Adding type registration short -> org.hibernate.type.BasicTypeReference@19662208
2023-09-09T13:41:40.472+05:30 DEBUG 59956 --- [           main] org.hibernate.type.BasicTypeRegistry     : Adding type registration short -> org.hibernate.type.BasicTypeReference@19662208
2023-09-09T13:41:40.472+05:30 DEBUG 59956 --- [           main] org.hibernate.type.BasicTypeRegistry     : Adding type registration java.lang.Short -> org.hibernate.type.BasicTypeReference@19662208
2023-09-09T13:41:40.472+05:30 DEBUG 59956 --- [           main] org.hibernate.type.BasicTypeRegistry     : Adding type registration integer -> org.hibernate.type.BasicTypeReference@216c22ce
2023-09-09T13:41:40.473+05:30 DEBUG 59956 --- [           main] org.hibernate.type.BasicTypeRegistry     : Adding type registration int -> org.hibernate.type.BasicTypeReference@216c22ce
2023-09-09T13:41:40.473+05:30 DEBUG 59956 --- [           main] org.hibernate.type.BasicTypeRegistry     : Adding type registration java.lang.Integer -> org.hibernate.type.BasicTypeReference@216c22ce
2023-09-09T13:41:40.473+05:30 DEBUG 59956 --- [           main] org.hibernate.type.BasicTypeRegistry     : Adding type registration long -> org.hibernate.type.BasicTypeReference@62f9c790
2023-09-09T13:41:40.473+05:30 DEBUG 59956 --- [           main] org.hibernate.type.BasicTypeRegistry     : Adding type registration long -> org.hibernate.type.BasicTypeReference@62f9c790
2023-09-09T13:41:40.473+05:30 DEBUG 59956 --- [           main] org.hibernate.type.BasicTypeRegistry     : Adding type registration java.lang.Long -> org.hibernate.type.BasicTypeReference@62f9c790
2023-09-09T13:41:40.473+05:30 DEBUG 59956 --- [           main] org.hibernate.type.BasicTypeRegistry     : Adding type registration float -> org.hibernate.type.BasicTypeReference@21e5f0b6
2023-09-09T13:41:40.473+05:30 DEBUG 59956 --- [           main] org.hibernate.type.BasicTypeRegistry     : Adding type registration float -> org.hibernate.type.BasicTypeReference@21e5f0b6
2023-09-09T13:41:40.473+05:30 DEBUG 59956 --- [           main] org.hibernate.type.BasicTypeRegistry     : Adding type registration java.lang.Float -> org.hibernate.type.BasicTypeReference@21e5f0b6
2023-09-09T13:41:40.474+05:30 DEBUG 59956 --- [           main] org.hibernate.type.BasicTypeRegistry     : Adding type registration double -> org.hibernate.type.BasicTypeReference@93bf0e0
2023-09-09T13:41:40.474+05:30 DEBUG 59956 --- [           main] org.hibernate.type.BasicTypeRegistry     : Adding type registration double -> org.hibernate.type.BasicTypeReference@93bf0e0
2023-09-09T13:41:40.474+05:30 DEBUG 59956 --- [           main] org.hibernate.type.BasicTypeRegistry     : Adding type registration java.lang.Double -> org.hibernate.type.BasicTypeReference@93bf0e0
2023-09-09T13:41:40.474+05:30 DEBUG 59956 --- [           main] org.hibernate.type.BasicTypeRegistry     : Adding type registration big_integer -> org.hibernate.type.BasicTypeReference@4981d95b
2023-09-09T13:41:40.474+05:30 DEBUG 59956 --- [           main] org.hibernate.type.BasicTypeRegistry     : Adding type registration java.math.BigInteger -> org.hibernate.type.BasicTypeReference@4981d95b
2023-09-09T13:41:40.474+05:30 DEBUG 59956 --- [           main] org.hibernate.type.BasicTypeRegistry     : Adding type registration big_decimal -> org.hibernate.type.BasicTypeReference@656842bc
2023-09-09T13:41:40.474+05:30 DEBUG 59956 --- [           main] org.hibernate.type.BasicTypeRegistry     : Adding type registration java.math.BigDecimal -> org.hibernate.type.BasicTypeReference@656842bc
2023-09-09T13:41:40.475+05:30 DEBUG 59956 --- [           main] org.hibernate.type.BasicTypeRegistry     : Adding type registration character -> org.hibernate.type.BasicTypeReference@6b867ee7
2023-09-09T13:41:40.475+05:30 DEBUG 59956 --- [           main] org.hibernate.type.BasicTypeRegistry     : Adding type registration char -> org.hibernate.type.BasicTypeReference@6b867ee7
2023-09-09T13:41:40.475+05:30 DEBUG 59956 --- [           main] org.hibernate.type.BasicTypeRegistry     : Adding type registration java.lang.Character -> org.hibernate.type.BasicTypeReference@6b867ee7
2023-09-09T13:41:40.475+05:30 DEBUG 59956 --- [           main] org.hibernate.type.BasicTypeRegistry     : Adding type registration character_nchar -> org.hibernate.type.BasicTypeReference@3dec3f87
2023-09-09T13:41:40.475+05:30 DEBUG 59956 --- [           main] org.hibernate.type.BasicTypeRegistry     : Adding type registration string -> org.hibernate.type.BasicTypeReference@7a606260
2023-09-09T13:41:40.475+05:30 DEBUG 59956 --- [           main] org.hibernate.type.BasicTypeRegistry     : Adding type registration java.lang.String -> org.hibernate.type.BasicTypeReference@7a606260
2023-09-09T13:41:40.475+05:30 DEBUG 59956 --- [           main] org.hibernate.type.BasicTypeRegistry     : Adding type registration nstring -> org.hibernate.type.BasicTypeReference@5dbab232
2023-09-09T13:41:40.476+05:30 DEBUG 59956 --- [           main] org.hibernate.type.BasicTypeRegistry     : Adding type registration characters -> org.hibernate.type.BasicTypeReference@5939e24
2023-09-09T13:41:40.476+05:30 DEBUG 59956 --- [           main] org.hibernate.type.BasicTypeRegistry     : Adding type registration char[] -> org.hibernate.type.BasicTypeReference@5939e24
2023-09-09T13:41:40.476+05:30 DEBUG 59956 --- [           main] org.hibernate.type.BasicTypeRegistry     : Adding type registration [C -> org.hibernate.type.BasicTypeReference@5939e24
2023-09-09T13:41:40.476+05:30 DEBUG 59956 --- [           main] org.hibernate.type.BasicTypeRegistry     : Adding type registration wrapper-characters -> org.hibernate.type.BasicTypeReference@595f9916
2023-09-09T13:41:40.476+05:30 DEBUG 59956 --- [           main] org.hibernate.type.BasicTypeRegistry     : Adding type registration text -> org.hibernate.type.BasicTypeReference@2055833f
2023-09-09T13:41:40.477+05:30 DEBUG 59956 --- [           main] org.hibernate.type.BasicTypeRegistry     : Adding type registration ntext -> org.hibernate.type.BasicTypeReference@28768e25
2023-09-09T13:41:40.477+05:30 DEBUG 59956 --- [           main] org.hibernate.type.BasicTypeRegistry     : Adding type registration clob -> org.hibernate.type.BasicTypeReference@310d57b1
2023-09-09T13:41:40.477+05:30 DEBUG 59956 --- [           main] org.hibernate.type.BasicTypeRegistry     : Adding type registration java.sql.Clob -> org.hibernate.type.BasicTypeReference@310d57b1
2023-09-09T13:41:40.477+05:30 DEBUG 59956 --- [           main] org.hibernate.type.BasicTypeRegistry     : Adding type registration nclob -> org.hibernate.type.BasicTypeReference@143fefaf
2023-09-09T13:41:40.477+05:30 DEBUG 59956 --- [           main] org.hibernate.type.BasicTypeRegistry     : Adding type registration java.sql.NClob -> org.hibernate.type.BasicTypeReference@143fefaf
2023-09-09T13:41:40.478+05:30 DEBUG 59956 --- [           main] org.hibernate.type.BasicTypeRegistry     : Adding type registration materialized_clob -> org.hibernate.type.BasicTypeReference@18ffca6c
2023-09-09T13:41:40.478+05:30 DEBUG 59956 --- [           main] org.hibernate.type.BasicTypeRegistry     : Adding type registration materialized_clob_char_array -> org.hibernate.type.BasicTypeReference@46468f0
2023-09-09T13:41:40.478+05:30 DEBUG 59956 --- [           main] org.hibernate.type.BasicTypeRegistry     : Adding type registration materialized_clob_character_array -> org.hibernate.type.BasicTypeReference@5f8f1712
2023-09-09T13:41:40.478+05:30 DEBUG 59956 --- [           main] org.hibernate.type.BasicTypeRegistry     : Adding type registration materialized_nclob -> org.hibernate.type.BasicTypeReference@34a6d9db
2023-09-09T13:41:40.478+05:30 DEBUG 59956 --- [           main] org.hibernate.type.BasicTypeRegistry     : Adding type registration materialized_nclob_character_array -> org.hibernate.type.BasicTypeReference@52ecc989
2023-09-09T13:41:40.478+05:30 DEBUG 59956 --- [           main] org.hibernate.type.BasicTypeRegistry     : Adding type registration materialized_nclob_char_array -> org.hibernate.type.BasicTypeReference@756808cc
2023-09-09T13:41:40.478+05:30 DEBUG 59956 --- [           main] org.hibernate.type.BasicTypeRegistry     : Adding type registration Duration -> org.hibernate.type.BasicTypeReference@52f8a6f4
2023-09-09T13:41:40.479+05:30 DEBUG 59956 --- [           main] org.hibernate.type.BasicTypeRegistry     : Adding type registration java.time.Duration -> org.hibernate.type.BasicTypeReference@52f8a6f4
2023-09-09T13:41:40.479+05:30 DEBUG 59956 --- [           main] org.hibernate.type.BasicTypeRegistry     : Adding type registration LocalDateTime -> org.hibernate.type.BasicTypeReference@5012c571
2023-09-09T13:41:40.479+05:30 DEBUG 59956 --- [           main] org.hibernate.type.BasicTypeRegistry     : Adding type registration java.time.LocalDateTime -> org.hibernate.type.BasicTypeReference@5012c571
2023-09-09T13:41:40.479+05:30 DEBUG 59956 --- [           main] org.hibernate.type.BasicTypeRegistry     : Adding type registration LocalDate -> org.hibernate.type.BasicTypeReference@6486fe7b
2023-09-09T13:41:40.479+05:30 DEBUG 59956 --- [           main] org.hibernate.type.BasicTypeRegistry     : Adding type registration java.time.LocalDate -> org.hibernate.type.BasicTypeReference@6486fe7b
2023-09-09T13:41:40.479+05:30 DEBUG 59956 --- [           main] org.hibernate.type.BasicTypeRegistry     : Adding type registration LocalTime -> org.hibernate.type.BasicTypeReference@511da44f
2023-09-09T13:41:40.479+05:30 DEBUG 59956 --- [           main] org.hibernate.type.BasicTypeRegistry     : Adding type registration java.time.LocalTime -> org.hibernate.type.BasicTypeReference@511da44f
2023-09-09T13:41:40.479+05:30 DEBUG 59956 --- [           main] org.hibernate.type.BasicTypeRegistry     : Adding type registration OffsetDateTime -> org.hibernate.type.BasicTypeReference@4645679e
2023-09-09T13:41:40.479+05:30 DEBUG 59956 --- [           main] org.hibernate.type.BasicTypeRegistry     : Adding type registration java.time.OffsetDateTime -> org.hibernate.type.BasicTypeReference@4645679e
2023-09-09T13:41:40.480+05:30 DEBUG 59956 --- [           main] org.hibernate.type.BasicTypeRegistry     : Adding type registration OffsetDateTimeWithTimezone -> org.hibernate.type.BasicTypeReference@3a0b6a
2023-09-09T13:41:40.480+05:30 DEBUG 59956 --- [           main] org.hibernate.type.BasicTypeRegistry     : Adding type registration OffsetDateTimeWithoutTimezone -> org.hibernate.type.BasicTypeReference@539c4830
2023-09-09T13:41:40.480+05:30 DEBUG 59956 --- [           main] org.hibernate.type.BasicTypeRegistry     : Adding type registration OffsetTime -> org.hibernate.type.BasicTypeReference@6f1fa1d0
2023-09-09T13:41:40.480+05:30 DEBUG 59956 --- [           main] org.hibernate.type.BasicTypeRegistry     : Adding type registration java.time.OffsetTime -> org.hibernate.type.BasicTypeReference@6f1fa1d0
2023-09-09T13:41:40.480+05:30 DEBUG 59956 --- [           main] org.hibernate.type.BasicTypeRegistry     : Adding type registration OffsetTimeUtc -> org.hibernate.type.BasicTypeReference@28b523a
2023-09-09T13:41:40.480+05:30 DEBUG 59956 --- [           main] org.hibernate.type.BasicTypeRegistry     : Adding type registration OffsetTimeWithTimezone -> org.hibernate.type.BasicTypeReference@52ba685a
2023-09-09T13:41:40.480+05:30 DEBUG 59956 --- [           main] org.hibernate.type.BasicTypeRegistry     : Adding type registration OffsetTimeWithoutTimezone -> org.hibernate.type.BasicTypeReference@63d677f5
2023-09-09T13:41:40.480+05:30 DEBUG 59956 --- [           main] org.hibernate.type.BasicTypeRegistry     : Adding type registration ZonedDateTime -> org.hibernate.type.BasicTypeReference@71d55b7e
2023-09-09T13:41:40.480+05:30 DEBUG 59956 --- [           main] org.hibernate.type.BasicTypeRegistry     : Adding type registration java.time.ZonedDateTime -> org.hibernate.type.BasicTypeReference@71d55b7e
2023-09-09T13:41:40.481+05:30 DEBUG 59956 --- [           main] org.hibernate.type.BasicTypeRegistry     : Adding type registration ZonedDateTimeWithTimezone -> org.hibernate.type.BasicTypeReference@2997ddfc
2023-09-09T13:41:40.481+05:30 DEBUG 59956 --- [           main] org.hibernate.type.BasicTypeRegistry     : Adding type registration ZonedDateTimeWithoutTimezone -> org.hibernate.type.BasicTypeReference@28ee882c
2023-09-09T13:41:40.481+05:30 DEBUG 59956 --- [           main] org.hibernate.type.BasicTypeRegistry     : Adding type registration date -> org.hibernate.type.BasicTypeReference@78d73b1b
2023-09-09T13:41:40.481+05:30 DEBUG 59956 --- [           main] org.hibernate.type.BasicTypeRegistry     : Adding type registration java.sql.Date -> org.hibernate.type.BasicTypeReference@78d73b1b
2023-09-09T13:41:40.481+05:30 DEBUG 59956 --- [           main] org.hibernate.type.BasicTypeRegistry     : Adding type registration time -> org.hibernate.type.BasicTypeReference@238291d4
2023-09-09T13:41:40.481+05:30 DEBUG 59956 --- [           main] org.hibernate.type.BasicTypeRegistry     : Adding type registration java.sql.Time -> org.hibernate.type.BasicTypeReference@238291d4
2023-09-09T13:41:40.481+05:30 DEBUG 59956 --- [           main] org.hibernate.type.BasicTypeRegistry     : Adding type registration timestamp -> org.hibernate.type.BasicTypeReference@34edd065
2023-09-09T13:41:40.481+05:30 DEBUG 59956 --- [           main] org.hibernate.type.BasicTypeRegistry     : Adding type registration java.sql.Timestamp -> org.hibernate.type.BasicTypeReference@34edd065
2023-09-09T13:41:40.481+05:30 DEBUG 59956 --- [           main] org.hibernate.type.BasicTypeRegistry     : Adding type registration java.util.Date -> org.hibernate.type.BasicTypeReference@34edd065
2023-09-09T13:41:40.481+05:30 DEBUG 59956 --- [           main] org.hibernate.type.BasicTypeRegistry     : Adding type registration calendar -> org.hibernate.type.BasicTypeReference@681e913c
2023-09-09T13:41:40.482+05:30 DEBUG 59956 --- [           main] org.hibernate.type.BasicTypeRegistry     : Adding type registration java.util.Calendar -> org.hibernate.type.BasicTypeReference@681e913c
2023-09-09T13:41:40.482+05:30 DEBUG 59956 --- [           main] org.hibernate.type.BasicTypeRegistry     : Adding type registration java.util.GregorianCalendar -> org.hibernate.type.BasicTypeReference@681e913c
2023-09-09T13:41:40.482+05:30 DEBUG 59956 --- [           main] org.hibernate.type.BasicTypeRegistry     : Adding type registration calendar_date -> org.hibernate.type.BasicTypeReference@29d070c7
2023-09-09T13:41:40.482+05:30 DEBUG 59956 --- [           main] org.hibernate.type.BasicTypeRegistry     : Adding type registration calendar_time -> org.hibernate.type.BasicTypeReference@1eeb5818
2023-09-09T13:41:40.482+05:30 DEBUG 59956 --- [           main] org.hibernate.type.BasicTypeRegistry     : Adding type registration instant -> org.hibernate.type.BasicTypeReference@44dfdd58
2023-09-09T13:41:40.482+05:30 DEBUG 59956 --- [           main] org.hibernate.type.BasicTypeRegistry     : Adding type registration java.time.Instant -> org.hibernate.type.BasicTypeReference@44dfdd58
2023-09-09T13:41:40.482+05:30 DEBUG 59956 --- [           main] org.hibernate.type.BasicTypeRegistry     : Adding type registration uuid -> org.hibernate.type.BasicTypeReference@58d4238e
2023-09-09T13:41:40.482+05:30 DEBUG 59956 --- [           main] org.hibernate.type.BasicTypeRegistry     : Adding type registration java.util.UUID -> org.hibernate.type.BasicTypeReference@58d4238e
2023-09-09T13:41:40.482+05:30 DEBUG 59956 --- [           main] org.hibernate.type.BasicTypeRegistry     : Adding type registration pg-uuid -> org.hibernate.type.BasicTypeReference@58d4238e
2023-09-09T13:41:40.482+05:30 DEBUG 59956 --- [           main] org.hibernate.type.BasicTypeRegistry     : Adding type registration uuid-binary -> org.hibernate.type.BasicTypeReference@72a8361b
2023-09-09T13:41:40.482+05:30 DEBUG 59956 --- [           main] org.hibernate.type.BasicTypeRegistry     : Adding type registration uuid-char -> org.hibernate.type.BasicTypeReference@36478bce
2023-09-09T13:41:40.483+05:30 DEBUG 59956 --- [           main] org.hibernate.type.BasicTypeRegistry     : Adding type registration class -> org.hibernate.type.BasicTypeReference@c48b543
2023-09-09T13:41:40.483+05:30 DEBUG 59956 --- [           main] org.hibernate.type.BasicTypeRegistry     : Adding type registration java.lang.Class -> org.hibernate.type.BasicTypeReference@c48b543
2023-09-09T13:41:40.483+05:30 DEBUG 59956 --- [           main] org.hibernate.type.BasicTypeRegistry     : Adding type registration currency -> org.hibernate.type.BasicTypeReference@75793f17
2023-09-09T13:41:40.483+05:30 DEBUG 59956 --- [           main] org.hibernate.type.BasicTypeRegistry     : Adding type registration Currency -> org.hibernate.type.BasicTypeReference@75793f17
2023-09-09T13:41:40.483+05:30 DEBUG 59956 --- [           main] org.hibernate.type.BasicTypeRegistry     : Adding type registration java.util.Currency -> org.hibernate.type.BasicTypeReference@75793f17
2023-09-09T13:41:40.483+05:30 DEBUG 59956 --- [           main] org.hibernate.type.BasicTypeRegistry     : Adding type registration locale -> org.hibernate.type.BasicTypeReference@4652c74d
2023-09-09T13:41:40.483+05:30 DEBUG 59956 --- [           main] org.hibernate.type.BasicTypeRegistry     : Adding type registration java.util.Locale -> org.hibernate.type.BasicTypeReference@4652c74d
2023-09-09T13:41:40.483+05:30 DEBUG 59956 --- [           main] org.hibernate.type.BasicTypeRegistry     : Adding type registration serializable -> org.hibernate.type.BasicTypeReference@4cc12db2
2023-09-09T13:41:40.483+05:30 DEBUG 59956 --- [           main] org.hibernate.type.BasicTypeRegistry     : Adding type registration java.io.Serializable -> org.hibernate.type.BasicTypeReference@4cc12db2
2023-09-09T13:41:40.483+05:30 DEBUG 59956 --- [           main] org.hibernate.type.BasicTypeRegistry     : Adding type registration timezone -> org.hibernate.type.BasicTypeReference@5ea7bc4
2023-09-09T13:41:40.483+05:30 DEBUG 59956 --- [           main] org.hibernate.type.BasicTypeRegistry     : Adding type registration java.util.TimeZone -> org.hibernate.type.BasicTypeReference@5ea7bc4
2023-09-09T13:41:40.484+05:30 DEBUG 59956 --- [           main] org.hibernate.type.BasicTypeRegistry     : Adding type registration ZoneOffset -> org.hibernate.type.BasicTypeReference@39d77de9
2023-09-09T13:41:40.484+05:30 DEBUG 59956 --- [           main] org.hibernate.type.BasicTypeRegistry     : Adding type registration java.time.ZoneOffset -> org.hibernate.type.BasicTypeReference@39d77de9
2023-09-09T13:41:40.484+05:30 DEBUG 59956 --- [           main] org.hibernate.type.BasicTypeRegistry     : Adding type registration url -> org.hibernate.type.BasicTypeReference@696fad31
2023-09-09T13:41:40.484+05:30 DEBUG 59956 --- [           main] org.hibernate.type.BasicTypeRegistry     : Adding type registration java.net.URL -> org.hibernate.type.BasicTypeReference@696fad31
2023-09-09T13:41:40.484+05:30 DEBUG 59956 --- [           main] org.hibernate.type.BasicTypeRegistry     : Adding type registration row_version -> org.hibernate.type.BasicTypeReference@2c06b113
2023-09-09T13:41:40.491+05:30 DEBUG 59956 --- [           main] org.hibernate.type.BasicTypeRegistry     : Adding type registration object -> org.hibernate.type.JavaObjectType@5fd43e58
2023-09-09T13:41:40.492+05:30 DEBUG 59956 --- [           main] org.hibernate.type.BasicTypeRegistry     : Adding type registration java.lang.Object -> org.hibernate.type.JavaObjectType@5fd43e58
2023-09-09T13:41:40.494+05:30 DEBUG 59956 --- [           main] org.hibernate.type.BasicTypeRegistry     : Adding type registration null -> org.hibernate.type.NullType@11810917
2023-09-09T13:41:40.494+05:30 DEBUG 59956 --- [           main] org.hibernate.type.BasicTypeRegistry     : Adding type registration imm_date -> org.hibernate.type.BasicTypeReference@13278a41
2023-09-09T13:41:40.494+05:30 DEBUG 59956 --- [           main] org.hibernate.type.BasicTypeRegistry     : Adding type registration imm_time -> org.hibernate.type.BasicTypeReference@4a31ed12
2023-09-09T13:41:40.494+05:30 DEBUG 59956 --- [           main] org.hibernate.type.BasicTypeRegistry     : Adding type registration imm_timestamp -> org.hibernate.type.BasicTypeReference@3ab595c8
2023-09-09T13:41:40.495+05:30 DEBUG 59956 --- [           main] org.hibernate.type.BasicTypeRegistry     : Adding type registration imm_calendar -> org.hibernate.type.BasicTypeReference@2365ea38
2023-09-09T13:41:40.495+05:30 DEBUG 59956 --- [           main] org.hibernate.type.BasicTypeRegistry     : Adding type registration imm_calendar_date -> org.hibernate.type.BasicTypeReference@cbf1997
2023-09-09T13:41:40.495+05:30 DEBUG 59956 --- [           main] org.hibernate.type.BasicTypeRegistry     : Adding type registration imm_calendar_time -> org.hibernate.type.BasicTypeReference@49232c6f
2023-09-09T13:41:40.495+05:30 DEBUG 59956 --- [           main] org.hibernate.type.BasicTypeRegistry     : Adding type registration imm_binary -> org.hibernate.type.BasicTypeReference@5faeeb56
2023-09-09T13:41:40.495+05:30 DEBUG 59956 --- [           main] org.hibernate.type.BasicTypeRegistry     : Adding type registration imm_serializable -> org.hibernate.type.BasicTypeReference@5396eeb1
2023-09-09T13:41:40.537+05:30  INFO 59956 --- [           main] o.h.b.i.BytecodeProviderInitiator        : HHH000021: Bytecode provider name : bytebuddy
2023-09-09T13:41:40.850+05:30  INFO 59956 --- [           main] o.s.o.j.p.SpringPersistenceUnitInfo      : No LoadTimeWeaver setup: ignoring JPA class transformer
2023-09-09T13:41:40.888+05:30  INFO 59956 --- [           main] com.zaxxer.hikari.HikariDataSource       : HikariPool-1 - Starting...
2023-09-09T13:41:41.452+05:30  INFO 59956 --- [           main] com.zaxxer.hikari.pool.HikariPool        : HikariPool-1 - Added connection org.postgresql.jdbc.PgConnection@74eec640
2023-09-09T13:41:41.457+05:30  INFO 59956 --- [           main] com.zaxxer.hikari.HikariDataSource       : HikariPool-1 - Start completed.
2023-09-09T13:41:41.676+05:30 DEBUG 59956 --- [           main] o.h.t.d.sql.spi.DdlTypeRegistry          : addDescriptor(6, org.hibernate.type.descriptor.sql.internal.CapacityDependentDdlType@134d7ffa) replaced previous registration(org.hibernate.type.descriptor.sql.internal.DdlTypeImpl@6e948f1c)
2023-09-09T13:41:41.683+05:30 DEBUG 59956 --- [           main] o.h.t.d.jdbc.spi.JdbcTypeRegistry        : addDescriptor(2004, BlobTypeDescriptor(BLOB_BINDING)) replaced previous registration(BlobTypeDescriptor(DEFAULT))
2023-09-09T13:41:41.683+05:30 DEBUG 59956 --- [           main] o.h.t.d.jdbc.spi.JdbcTypeRegistry        : addDescriptor(2005, ClobTypeDescriptor(CLOB_BINDING)) replaced previous registration(ClobTypeDescriptor(DEFAULT))
2023-09-09T13:41:41.708+05:30 DEBUG 59956 --- [           main] org.hibernate.type.BasicTypeRegistry     : Adding type registration JAVA_OBJECT -> org.hibernate.type.JavaObjectType@110620d
2023-09-09T13:41:41.708+05:30 DEBUG 59956 --- [           main] org.hibernate.type.BasicTypeRegistry     : Adding type registration java.lang.Object -> org.hibernate.type.JavaObjectType@110620d
2023-09-09T13:41:41.709+05:30 DEBUG 59956 --- [           main] org.hibernate.type.BasicTypeRegistry     : Type registration key [java.lang.Object] overrode previous entry : `org.hibernate.type.JavaObjectType@5fd43e58`
2023-09-09T13:41:41.711+05:30 DEBUG 59956 --- [           main] o.h.t.d.jdbc.spi.JdbcTypeRegistry        : addDescriptor(3100, NumericTypeDescriptor) replaced previous registration(org.hibernate.dialect.PostgreSQLIntervalSecondJdbcType@30af23fd)
2023-09-09T13:41:41.728+05:30 DEBUG 59956 --- [           main] org.hibernate.type.BasicTypeRegistry     : Adding type registration org.hibernate.type.OffsetDateTimeType -> basicType@1(java.time.OffsetDateTime,3003)
2023-09-09T13:41:41.728+05:30 DEBUG 59956 --- [           main] org.hibernate.type.BasicTypeRegistry     : Adding type registration OffsetDateTime -> basicType@1(java.time.OffsetDateTime,3003)
2023-09-09T13:41:41.728+05:30 DEBUG 59956 --- [           main] org.hibernate.type.BasicTypeRegistry     : Adding type registration java.time.OffsetDateTime -> basicType@1(java.time.OffsetDateTime,3003)
2023-09-09T13:41:41.728+05:30 DEBUG 59956 --- [           main] org.hibernate.type.BasicTypeRegistry     : Adding type registration org.hibernate.type.ZonedDateTimeType -> basicType@2(java.time.ZonedDateTime,3003)
2023-09-09T13:41:41.728+05:30 DEBUG 59956 --- [           main] org.hibernate.type.BasicTypeRegistry     : Adding type registration ZonedDateTime -> basicType@2(java.time.ZonedDateTime,3003)
2023-09-09T13:41:41.729+05:30 DEBUG 59956 --- [           main] org.hibernate.type.BasicTypeRegistry     : Adding type registration java.time.ZonedDateTime -> basicType@2(java.time.ZonedDateTime,3003)
2023-09-09T13:41:41.731+05:30 DEBUG 59956 --- [           main] org.hibernate.type.BasicTypeRegistry     : Adding type registration org.hibernate.type.OffsetTimeType -> basicType@3(java.time.OffsetTime,3007)
2023-09-09T13:41:41.731+05:30 DEBUG 59956 --- [           main] org.hibernate.type.BasicTypeRegistry     : Adding type registration OffsetTime -> basicType@3(java.time.OffsetTime,3007)
2023-09-09T13:41:41.731+05:30 DEBUG 59956 --- [           main] org.hibernate.type.BasicTypeRegistry     : Adding type registration java.time.OffsetTime -> basicType@3(java.time.OffsetTime,3007)
2023-09-09T13:41:41.742+05:30 DEBUG 59956 --- [           main] o.h.type.spi.TypeConfiguration$Scope     : Scoping TypeConfiguration [org.hibernate.type.spi.TypeConfiguration@d85b399] to MetadataBuildingContext [org.hibernate.boot.internal.MetadataBuildingContextRootImpl@674aa626]
2023-09-09T13:41:42.400+05:30  INFO 59956 --- [           main] o.h.b.i.BytecodeProviderInitiator        : HHH000021: Bytecode provider name : bytebuddy
2023-09-09T13:41:43.889+05:30  INFO 59956 --- [           main] o.h.e.t.j.p.i.JtaPlatformInitiator       : HHH000490: Using JtaPlatform implementation: [org.hibernate.engine.transaction.jta.platform.internal.NoJtaPlatform]
2023-09-09T13:41:43.890+05:30 DEBUG 59956 --- [           main] o.h.type.spi.TypeConfiguration$Scope     : Scoping TypeConfiguration [org.hibernate.type.spi.TypeConfiguration@d85b399] to SessionFactoryImplementor [org.hibernate.internal.SessionFactoryImpl@76208b80]
2023-09-09T13:41:44.190+05:30 TRACE 59956 --- [           main] o.h.type.spi.TypeConfiguration$Scope     : Handling #sessionFactoryCreated from [org.hibernate.internal.SessionFactoryImpl@76208b80] for TypeConfiguration
2023-09-09T13:41:44.190+05:30  INFO 59956 --- [           main] j.LocalContainerEntityManagerFactoryBean : Initialized JPA EntityManagerFactory for persistence unit 'default'
2023-09-09T13:41:45.056+05:30  WARN 59956 --- [           main] JpaBaseConfiguration$JpaWebConfiguration : spring.jpa.open-in-view is enabled by default. Therefore, database queries may be performed during view rendering. Explicitly configure spring.jpa.open-in-view to disable this warning
2023-09-09T13:41:45.414+05:30  INFO 59956 --- [           main] o.s.s.web.DefaultSecurityFilterChain     : Will secure Or [Ant [pattern='/admin/**']] with [org.springframework.security.web.session.DisableEncodeUrlFilter@3d2ff73a, org.springframework.security.web.context.request.async.WebAsyncManagerIntegrationFilter@736a8aea, org.springframework.security.web.context.SecurityContextHolderFilter@36ec4071, org.springframework.security.web.header.HeaderWriterFilter@5b160208, org.springframework.security.web.csrf.CsrfFilter@4844e24b, org.springframework.security.web.authentication.logout.LogoutFilter@590f806a, org.springframework.security.web.authentication.www.BasicAuthenticationFilter@5003c114, org.springframework.security.web.savedrequest.RequestCacheAwareFilter@20d92f1e, org.springframework.security.web.servletapi.SecurityContextHolderAwareRequestFilter@3cf7433e, org.springframework.security.web.authentication.AnonymousAuthenticationFilter@504b4a97, org.springframework.security.web.access.ExceptionTranslationFilter@673a5aa7, org.springframework.security.web.access.intercept.AuthorizationFilter@6dde913e]
2023-09-09T13:41:46.158+05:30  WARN 59956 --- [           main] ion$DefaultTemplateResolverConfiguration : Cannot find template location: classpath:/templates/ (please add some templates, check your Thymeleaf configuration, or set spring.thymeleaf.check-template-location=false)
2023-09-09T13:41:46.320+05:30  INFO 59956 --- [           main] c.e.l.l.LibrarymanagmentApplicationTests : Started LibrarymanagmentApplicationTests in 9.373 seconds (process running for 11.453)
]]></system-out>
  </testcase>
</testsuite>